<ns0:test-suite xmlns:ns0="urn:model.allure.qatools.yandex.ru" start="1487579691830" stop="1487579696060">
  <name>tests.login_test</name>
  <test-cases>
    <test-case start="1487579691830" status="passed" stop="1487579692353">
      <name>TestClass.test_login</name>
      <labels>
        <label name="severity" value="critical"/>
        <label name="feature" value="Login"/>
        <label name="testId" value="Positive: Login test"/>
        <label name="thread" value="11272-MainThread"/>
        <label name="host" value="bbohomolov"/>
      </labels>
      <attachments/>
      <steps>
        <step start="1487579691832" status="passed" stop="1487579692352">
          <title>Send POST request.</title>
          <name>Send POST request.</name>
          <attachments/>
          <steps/>
        </step>
        <step start="1487579692352" status="passed" stop="1487579692352">
          <title>Received response.</title>
          <name>Received response.</name>
          <attachments>
            <attachment source="9ef013a6-4565-4460-9263-5e9bd904da0c-attachment.json" title="Received response" type="application/json"/>
          </attachments>
          <steps/>
        </step>
        <step start="1487579692352" status="passed" stop="1487579692352">
          <title>Sent URL.</title>
          <name>Sent URL.</name>
          <attachments>
            <attachment source="5e620a12-5eea-48ac-85cc-e45148673dd1-attachment.txt" title="Sent URL" type="text/plain"/>
          </attachments>
          <steps/>
        </step>
        <step start="1487579692352" status="passed" stop="1487579692352">
          <title>Check response status.</title>
          <name>Check response status.</name>
          <attachments/>
          <steps/>
        </step>
        <step start="1487579692352" status="passed" stop="1487579692352">
          <title>Check response body.</title>
          <name>Check response body.</name>
          <attachments/>
          <steps/>
        </step>
      </steps>
    </test-case>
    <test-case start="1487579692359" status="passed" stop="1487579692878">
      <name>TestClass.test_login_negative_nopasswd</name>
      <labels>
        <label name="feature" value="Login"/>
        <label name="testId" value="Negative: Login test no password"/>
        <label name="severity" value="critical"/>
        <label name="thread" value="11272-MainThread"/>
        <label name="host" value="bbohomolov"/>
      </labels>
      <attachments/>
      <steps>
        <step start="1487579692361" status="passed" stop="1487579692877">
          <title>Send POST request.</title>
          <name>Send POST request.</name>
          <attachments/>
          <steps/>
        </step>
        <step start="1487579692877" status="passed" stop="1487579692877">
          <title>Received response.</title>
          <name>Received response.</name>
          <attachments>
            <attachment source="eb564633-f343-4b04-999d-b7839cfb2608-attachment.json" title="Received response" type="application/json"/>
          </attachments>
          <steps/>
        </step>
        <step start="1487579692877" status="passed" stop="1487579692877">
          <title>Sent URL.</title>
          <name>Sent URL.</name>
          <attachments>
            <attachment source="eb09d148-751b-4519-bde5-f8df3d84a5af-attachment.txt" title="Sent URL" type="text/plain"/>
          </attachments>
          <steps/>
        </step>
        <step start="1487579692877" status="passed" stop="1487579692878">
          <title>Check response status.</title>
          <name>Check response status.</name>
          <attachments/>
          <steps/>
        </step>
        <step start="1487579692878" status="passed" stop="1487579692878">
          <title>Check response body.</title>
          <name>Check response body.</name>
          <attachments/>
          <steps/>
        </step>
      </steps>
    </test-case>
    <test-case start="1487579692884" status="passed" stop="1487579693229">
      <name>TestClass.test_login_negative_noemail</name>
      <labels>
        <label name="severity" value="critical"/>
        <label name="feature" value="Login"/>
        <label name="testId" value="Negative: Login test no email"/>
        <label name="thread" value="11272-MainThread"/>
        <label name="host" value="bbohomolov"/>
      </labels>
      <attachments/>
      <steps>
        <step start="1487579692885" status="passed" stop="1487579693227">
          <title>Send POST request.</title>
          <name>Send POST request.</name>
          <attachments/>
          <steps/>
        </step>
        <step start="1487579693227" status="passed" stop="1487579693228">
          <title>Received response.</title>
          <name>Received response.</name>
          <attachments>
            <attachment source="76a7a4aa-0c06-437b-a860-42e814ac755b-attachment.json" title="Received response" type="application/json"/>
          </attachments>
          <steps/>
        </step>
        <step start="1487579693228" status="passed" stop="1487579693228">
          <title>Sent URL.</title>
          <name>Sent URL.</name>
          <attachments>
            <attachment source="6b1630d3-1425-45a7-9d9a-9300bf9d8674-attachment.txt" title="Sent URL" type="text/plain"/>
          </attachments>
          <steps/>
        </step>
        <step start="1487579693228" status="passed" stop="1487579693228">
          <title>Check response status.</title>
          <name>Check response status.</name>
          <attachments/>
          <steps/>
        </step>
        <step start="1487579693228" status="passed" stop="1487579693228">
          <title>Check response body.</title>
          <name>Check response body.</name>
          <attachments/>
          <steps/>
        </step>
      </steps>
    </test-case>
    <test-case start="1487579693234" status="failed" stop="1487579693614">
      <name>TestClass.test_login_negative[incorrect pass]</name>
      <failure>
        <message>AssertionError: Received response 200 status doesn't equal 400</message>
        <stack-trace>self = &lt;tests.login_test.TestClass instance at 0x7f73b67dc950&gt;
param_test = ('peter@klaven', 'abcdefg')

    @allure.feature("Login")
    @allure.testcase("Negative: Login test email/password check")
    @allure.severity(pytest.allure.severity_level.CRITICAL)
    def test_login_negative(self, param_test):
        (email, password) = param_test
        r = u.send_post_request(self.login_request, {'email': email, 'password': password})
        u.attach_response(r.text)
        u.attach_sent_URL(r.url)
&gt;       u.check_response_status(r.status_code, requests.codes.bad)

tests/login_test.py:67: 
_ _ _ _ _ _ _ _ _ _ _ _ _ _ _ _ _ _ _ _ _ _ _ _ _ _ _ _ _ _ _ _ _ _ _ _ _ _ _ _ 
/usr/local/lib/python2.7/dist-packages/allure/common.py:57: in impl
    return func(*a, **kw)
_ _ _ _ _ _ _ _ _ _ _ _ _ _ _ _ _ _ _ _ _ _ _ _ _ _ _ _ _ _ _ _ _ _ _ _ _ _ _ _ 

self = &lt;tests.my_utils.MyUtils instance at 0x7f73b71018c0&gt;, actual = 200
expected = 400

    @allure.step("Check response status.")
    def check_response_status(self, actual, expected):
&gt;       assert actual == expected, "Received response " + str(actual) + " status doesn't equal " + str(expected)
E       AssertionError: Received response 200 status doesn't equal 400

tests/my_utils.py:12: AssertionError</stack-trace>
      </failure>
      <labels>
        <label name="severity" value="critical"/>
        <label name="feature" value="Login"/>
        <label name="testId" value="Negative: Login test email/password check"/>
        <label name="thread" value="11272-MainThread"/>
        <label name="host" value="bbohomolov"/>
      </labels>
      <attachments/>
      <steps>
        <step start="1487579693236" status="passed" stop="1487579693573">
          <title>Send POST request.</title>
          <name>Send POST request.</name>
          <attachments/>
          <steps/>
        </step>
        <step start="1487579693573" status="passed" stop="1487579693573">
          <title>Received response.</title>
          <name>Received response.</name>
          <attachments>
            <attachment source="ddb08ed3-6d55-4b7d-94ba-b6219609d90a-attachment.json" title="Received response" type="application/json"/>
          </attachments>
          <steps/>
        </step>
        <step start="1487579693573" status="passed" stop="1487579693573">
          <title>Sent URL.</title>
          <name>Sent URL.</name>
          <attachments>
            <attachment source="d4931964-cb10-4660-b4ce-1e68b83e6cc8-attachment.txt" title="Sent URL" type="text/plain"/>
          </attachments>
          <steps/>
        </step>
        <step start="1487579693573" status="failed" stop="1487579693573">
          <title>Check response status.</title>
          <name>Check response status.</name>
          <attachments/>
          <steps/>
        </step>
      </steps>
    </test-case>
    <test-case start="1487579693621" status="failed" stop="1487579694200">
      <name>TestClass.test_login_negative[symbolic pass]</name>
      <failure>
        <message>AssertionError: Received response 200 status doesn't equal 400</message>
        <stack-trace>self = &lt;tests.login_test.TestClass instance at 0x7f73b678d710&gt;
param_test = ('peter@klaven', '!@^&amp;#%&amp;*')

    @allure.feature("Login")
    @allure.testcase("Negative: Login test email/password check")
    @allure.severity(pytest.allure.severity_level.CRITICAL)
    def test_login_negative(self, param_test):
        (email, password) = param_test
        r = u.send_post_request(self.login_request, {'email': email, 'password': password})
        u.attach_response(r.text)
        u.attach_sent_URL(r.url)
&gt;       u.check_response_status(r.status_code, requests.codes.bad)

tests/login_test.py:67: 
_ _ _ _ _ _ _ _ _ _ _ _ _ _ _ _ _ _ _ _ _ _ _ _ _ _ _ _ _ _ _ _ _ _ _ _ _ _ _ _ 
/usr/local/lib/python2.7/dist-packages/allure/common.py:57: in impl
    return func(*a, **kw)
_ _ _ _ _ _ _ _ _ _ _ _ _ _ _ _ _ _ _ _ _ _ _ _ _ _ _ _ _ _ _ _ _ _ _ _ _ _ _ _ 

self = &lt;tests.my_utils.MyUtils instance at 0x7f73b71018c0&gt;, actual = 200
expected = 400

    @allure.step("Check response status.")
    def check_response_status(self, actual, expected):
&gt;       assert actual == expected, "Received response " + str(actual) + " status doesn't equal " + str(expected)
E       AssertionError: Received response 200 status doesn't equal 400

tests/my_utils.py:12: AssertionError</stack-trace>
      </failure>
      <labels>
        <label name="severity" value="critical"/>
        <label name="feature" value="Login"/>
        <label name="testId" value="Negative: Login test email/password check"/>
        <label name="thread" value="11272-MainThread"/>
        <label name="host" value="bbohomolov"/>
      </labels>
      <attachments/>
      <steps>
        <step start="1487579693623" status="passed" stop="1487579694173">
          <title>Send POST request.</title>
          <name>Send POST request.</name>
          <attachments/>
          <steps/>
        </step>
        <step start="1487579694173" status="passed" stop="1487579694173">
          <title>Received response.</title>
          <name>Received response.</name>
          <attachments>
            <attachment source="e28f9677-48cc-4dbb-bce0-8598100e4401-attachment.json" title="Received response" type="application/json"/>
          </attachments>
          <steps/>
        </step>
        <step start="1487579694173" status="passed" stop="1487579694173">
          <title>Sent URL.</title>
          <name>Sent URL.</name>
          <attachments>
            <attachment source="c47f52dc-d334-46ba-945f-d93c5cb3f75e-attachment.txt" title="Sent URL" type="text/plain"/>
          </attachments>
          <steps/>
        </step>
        <step start="1487579694173" status="failed" stop="1487579694173">
          <title>Check response status.</title>
          <name>Check response status.</name>
          <attachments/>
          <steps/>
        </step>
      </steps>
    </test-case>
    <test-case start="1487579694208" status="failed" stop="1487579694755">
      <name>TestClass.test_login_negative[short pass]</name>
      <failure>
        <message>AssertionError: Received response 200 status doesn't equal 400</message>
        <stack-trace>self = &lt;tests.login_test.TestClass instance at 0x7f73b7093170&gt;
param_test = ('peter@klaven', '1')

    @allure.feature("Login")
    @allure.testcase("Negative: Login test email/password check")
    @allure.severity(pytest.allure.severity_level.CRITICAL)
    def test_login_negative(self, param_test):
        (email, password) = param_test
        r = u.send_post_request(self.login_request, {'email': email, 'password': password})
        u.attach_response(r.text)
        u.attach_sent_URL(r.url)
&gt;       u.check_response_status(r.status_code, requests.codes.bad)

tests/login_test.py:67: 
_ _ _ _ _ _ _ _ _ _ _ _ _ _ _ _ _ _ _ _ _ _ _ _ _ _ _ _ _ _ _ _ _ _ _ _ _ _ _ _ 
/usr/local/lib/python2.7/dist-packages/allure/common.py:57: in impl
    return func(*a, **kw)
_ _ _ _ _ _ _ _ _ _ _ _ _ _ _ _ _ _ _ _ _ _ _ _ _ _ _ _ _ _ _ _ _ _ _ _ _ _ _ _ 

self = &lt;tests.my_utils.MyUtils instance at 0x7f73b71018c0&gt;, actual = 200
expected = 400

    @allure.step("Check response status.")
    def check_response_status(self, actual, expected):
&gt;       assert actual == expected, "Received response " + str(actual) + " status doesn't equal " + str(expected)
E       AssertionError: Received response 200 status doesn't equal 400

tests/my_utils.py:12: AssertionError</stack-trace>
      </failure>
      <labels>
        <label name="feature" value="Login"/>
        <label name="testId" value="Negative: Login test email/password check"/>
        <label name="severity" value="critical"/>
        <label name="thread" value="11272-MainThread"/>
        <label name="host" value="bbohomolov"/>
      </labels>
      <attachments/>
      <steps>
        <step start="1487579694210" status="passed" stop="1487579694731">
          <title>Send POST request.</title>
          <name>Send POST request.</name>
          <attachments/>
          <steps/>
        </step>
        <step start="1487579694731" status="passed" stop="1487579694731">
          <title>Received response.</title>
          <name>Received response.</name>
          <attachments>
            <attachment source="6c258773-6c3c-4ca3-9d1c-bada3c9ad778-attachment.json" title="Received response" type="application/json"/>
          </attachments>
          <steps/>
        </step>
        <step start="1487579694731" status="passed" stop="1487579694731">
          <title>Sent URL.</title>
          <name>Sent URL.</name>
          <attachments>
            <attachment source="83606ac3-d075-4745-87ba-038fc8beb93e-attachment.txt" title="Sent URL" type="text/plain"/>
          </attachments>
          <steps/>
        </step>
        <step start="1487579694731" status="failed" stop="1487579694731">
          <title>Check response status.</title>
          <name>Check response status.</name>
          <attachments/>
          <steps/>
        </step>
      </steps>
    </test-case>
    <test-case start="1487579694763" status="failed" stop="1487579695137">
      <name>TestClass.test_login_negative[ incorrect email]</name>
      <failure>
        <message>AssertionError: Received response 200 status doesn't equal 400</message>
        <stack-trace>self = &lt;tests.login_test.TestClass instance at 0x7f73b6799b48&gt;
param_test = ('peter', 'cityslicka')

    @allure.feature("Login")
    @allure.testcase("Negative: Login test email/password check")
    @allure.severity(pytest.allure.severity_level.CRITICAL)
    def test_login_negative(self, param_test):
        (email, password) = param_test
        r = u.send_post_request(self.login_request, {'email': email, 'password': password})
        u.attach_response(r.text)
        u.attach_sent_URL(r.url)
&gt;       u.check_response_status(r.status_code, requests.codes.bad)

tests/login_test.py:67: 
_ _ _ _ _ _ _ _ _ _ _ _ _ _ _ _ _ _ _ _ _ _ _ _ _ _ _ _ _ _ _ _ _ _ _ _ _ _ _ _ 
/usr/local/lib/python2.7/dist-packages/allure/common.py:57: in impl
    return func(*a, **kw)
_ _ _ _ _ _ _ _ _ _ _ _ _ _ _ _ _ _ _ _ _ _ _ _ _ _ _ _ _ _ _ _ _ _ _ _ _ _ _ _ 

self = &lt;tests.my_utils.MyUtils instance at 0x7f73b71018c0&gt;, actual = 200
expected = 400

    @allure.step("Check response status.")
    def check_response_status(self, actual, expected):
&gt;       assert actual == expected, "Received response " + str(actual) + " status doesn't equal " + str(expected)
E       AssertionError: Received response 200 status doesn't equal 400

tests/my_utils.py:12: AssertionError</stack-trace>
      </failure>
      <labels>
        <label name="severity" value="critical"/>
        <label name="feature" value="Login"/>
        <label name="testId" value="Negative: Login test email/password check"/>
        <label name="thread" value="11272-MainThread"/>
        <label name="host" value="bbohomolov"/>
      </labels>
      <attachments/>
      <steps>
        <step start="1487579694765" status="passed" stop="1487579695117">
          <title>Send POST request.</title>
          <name>Send POST request.</name>
          <attachments/>
          <steps/>
        </step>
        <step start="1487579695117" status="passed" stop="1487579695117">
          <title>Received response.</title>
          <name>Received response.</name>
          <attachments>
            <attachment source="5f1a0de4-1e1d-4695-8040-fd133d43079c-attachment.json" title="Received response" type="application/json"/>
          </attachments>
          <steps/>
        </step>
        <step start="1487579695117" status="passed" stop="1487579695117">
          <title>Sent URL.</title>
          <name>Sent URL.</name>
          <attachments>
            <attachment source="d411334a-990a-4c93-bb00-ec96fca17f4e-attachment.txt" title="Sent URL" type="text/plain"/>
          </attachments>
          <steps/>
        </step>
        <step start="1487579695117" status="failed" stop="1487579695117">
          <title>Check response status.</title>
          <name>Check response status.</name>
          <attachments/>
          <steps/>
        </step>
      </steps>
    </test-case>
    <test-case start="1487579695144" status="failed" stop="1487579695515">
      <name>TestClass.test_login_negative[symbolic email]</name>
      <failure>
        <message>AssertionError: Received response 200 status doesn't equal 400</message>
        <stack-trace>self = &lt;tests.login_test.TestClass instance at 0x7f73b67b4a28&gt;
param_test = ('!@^&amp;#%&amp;*', 'cityslicka')

    @allure.feature("Login")
    @allure.testcase("Negative: Login test email/password check")
    @allure.severity(pytest.allure.severity_level.CRITICAL)
    def test_login_negative(self, param_test):
        (email, password) = param_test
        r = u.send_post_request(self.login_request, {'email': email, 'password': password})
        u.attach_response(r.text)
        u.attach_sent_URL(r.url)
&gt;       u.check_response_status(r.status_code, requests.codes.bad)

tests/login_test.py:67: 
_ _ _ _ _ _ _ _ _ _ _ _ _ _ _ _ _ _ _ _ _ _ _ _ _ _ _ _ _ _ _ _ _ _ _ _ _ _ _ _ 
/usr/local/lib/python2.7/dist-packages/allure/common.py:57: in impl
    return func(*a, **kw)
_ _ _ _ _ _ _ _ _ _ _ _ _ _ _ _ _ _ _ _ _ _ _ _ _ _ _ _ _ _ _ _ _ _ _ _ _ _ _ _ 

self = &lt;tests.my_utils.MyUtils instance at 0x7f73b71018c0&gt;, actual = 200
expected = 400

    @allure.step("Check response status.")
    def check_response_status(self, actual, expected):
&gt;       assert actual == expected, "Received response " + str(actual) + " status doesn't equal " + str(expected)
E       AssertionError: Received response 200 status doesn't equal 400

tests/my_utils.py:12: AssertionError</stack-trace>
      </failure>
      <labels>
        <label name="severity" value="critical"/>
        <label name="feature" value="Login"/>
        <label name="testId" value="Negative: Login test email/password check"/>
        <label name="thread" value="11272-MainThread"/>
        <label name="host" value="bbohomolov"/>
      </labels>
      <attachments/>
      <steps>
        <step start="1487579695145" status="passed" stop="1487579695487">
          <title>Send POST request.</title>
          <name>Send POST request.</name>
          <attachments/>
          <steps/>
        </step>
        <step start="1487579695487" status="passed" stop="1487579695487">
          <title>Received response.</title>
          <name>Received response.</name>
          <attachments>
            <attachment source="2943d575-763b-4367-95a1-5b9ad67f6cee-attachment.json" title="Received response" type="application/json"/>
          </attachments>
          <steps/>
        </step>
        <step start="1487579695487" status="passed" stop="1487579695487">
          <title>Sent URL.</title>
          <name>Sent URL.</name>
          <attachments>
            <attachment source="38ce5747-cd7c-4c7a-a6f9-f126afc6d499-attachment.txt" title="Sent URL" type="text/plain"/>
          </attachments>
          <steps/>
        </step>
        <step start="1487579695487" status="failed" stop="1487579695488">
          <title>Check response status.</title>
          <name>Check response status.</name>
          <attachments/>
          <steps/>
        </step>
      </steps>
    </test-case>
    <test-case start="1487579695522" status="failed" stop="1487579696060">
      <name>TestClass.test_login_negative[short email]</name>
      <failure>
        <message>AssertionError: Received response 200 status doesn't equal 400</message>
        <stack-trace>self = &lt;tests.login_test.TestClass instance at 0x7f73b6796f38&gt;
param_test = ('1', 'cityslicka')

    @allure.feature("Login")
    @allure.testcase("Negative: Login test email/password check")
    @allure.severity(pytest.allure.severity_level.CRITICAL)
    def test_login_negative(self, param_test):
        (email, password) = param_test
        r = u.send_post_request(self.login_request, {'email': email, 'password': password})
        u.attach_response(r.text)
        u.attach_sent_URL(r.url)
&gt;       u.check_response_status(r.status_code, requests.codes.bad)

tests/login_test.py:67: 
_ _ _ _ _ _ _ _ _ _ _ _ _ _ _ _ _ _ _ _ _ _ _ _ _ _ _ _ _ _ _ _ _ _ _ _ _ _ _ _ 
/usr/local/lib/python2.7/dist-packages/allure/common.py:57: in impl
    return func(*a, **kw)
_ _ _ _ _ _ _ _ _ _ _ _ _ _ _ _ _ _ _ _ _ _ _ _ _ _ _ _ _ _ _ _ _ _ _ _ _ _ _ _ 

self = &lt;tests.my_utils.MyUtils instance at 0x7f73b71018c0&gt;, actual = 200
expected = 400

    @allure.step("Check response status.")
    def check_response_status(self, actual, expected):
&gt;       assert actual == expected, "Received response " + str(actual) + " status doesn't equal " + str(expected)
E       AssertionError: Received response 200 status doesn't equal 400

tests/my_utils.py:12: AssertionError</stack-trace>
      </failure>
      <labels>
        <label name="severity" value="critical"/>
        <label name="feature" value="Login"/>
        <label name="testId" value="Negative: Login test email/password check"/>
        <label name="thread" value="11272-MainThread"/>
        <label name="host" value="bbohomolov"/>
      </labels>
      <attachments/>
      <steps>
        <step start="1487579695524" status="passed" stop="1487579696033">
          <title>Send POST request.</title>
          <name>Send POST request.</name>
          <attachments/>
          <steps/>
        </step>
        <step start="1487579696033" status="passed" stop="1487579696033">
          <title>Received response.</title>
          <name>Received response.</name>
          <attachments>
            <attachment source="888ff284-a6f3-4b87-8c53-690c2663625a-attachment.json" title="Received response" type="application/json"/>
          </attachments>
          <steps/>
        </step>
        <step start="1487579696033" status="passed" stop="1487579696033">
          <title>Sent URL.</title>
          <name>Sent URL.</name>
          <attachments>
            <attachment source="7fd3f7b7-9394-44e3-ab2f-0743f8d7ab65-attachment.txt" title="Sent URL" type="text/plain"/>
          </attachments>
          <steps/>
        </step>
        <step start="1487579696033" status="failed" stop="1487579696033">
          <title>Check response status.</title>
          <name>Check response status.</name>
          <attachments/>
          <steps/>
        </step>
      </steps>
    </test-case>
  </test-cases>
  <labels/>
</ns0:test-suite>
