<ns0:test-suite xmlns:ns0="urn:model.allure.qatools.yandex.ru" start="1487579696068" stop="1487579699127">
  <name>tests.register_test</name>
  <test-cases>
    <test-case start="1487579696068" status="passed" stop="1487579696575">
      <name>TestClass.test_register</name>
      <labels>
        <label name="severity" value="critical"/>
        <label name="feature" value="Register"/>
        <label name="testId" value="Positive: Register test"/>
        <label name="thread" value="11272-MainThread"/>
        <label name="host" value="bbohomolov"/>
      </labels>
      <attachments/>
      <steps>
        <step start="1487579696071" status="passed" stop="1487579696573">
          <title>Send POST request.</title>
          <name>Send POST request.</name>
          <attachments/>
          <steps/>
        </step>
        <step start="1487579696573" status="passed" stop="1487579696573">
          <title>Sent URL.</title>
          <name>Sent URL.</name>
          <attachments>
            <attachment source="e74d5776-f50b-45a9-9f37-871778854eff-attachment.txt" title="Sent URL" type="text/plain"/>
          </attachments>
          <steps/>
        </step>
        <step start="1487579696573" status="passed" stop="1487579696574">
          <title>Received response.</title>
          <name>Received response.</name>
          <attachments>
            <attachment source="9143e257-c29e-4623-971d-0402b82782d2-attachment.json" title="Received response" type="application/json"/>
          </attachments>
          <steps/>
        </step>
        <step start="1487579696574" status="passed" stop="1487579696574">
          <title>Check response status.</title>
          <name>Check response status.</name>
          <attachments/>
          <steps/>
        </step>
        <step start="1487579696574" status="passed" stop="1487579696574">
          <title>Check response body.</title>
          <name>Check response body.</name>
          <attachments/>
          <steps/>
        </step>
      </steps>
    </test-case>
    <test-case start="1487579696580" status="passed" stop="1487579697105">
      <name>TestClass.test_register_negative_nopasswd</name>
      <labels>
        <label name="severity" value="critical"/>
        <label name="feature" value="Register"/>
        <label name="testId" value="Negative: Register test no password"/>
        <label name="thread" value="11272-MainThread"/>
        <label name="host" value="bbohomolov"/>
      </labels>
      <attachments/>
      <steps>
        <step start="1487579696582" status="passed" stop="1487579697104">
          <title>Send POST request.</title>
          <name>Send POST request.</name>
          <attachments/>
          <steps/>
        </step>
        <step start="1487579697105" status="passed" stop="1487579697105">
          <title>Sent URL.</title>
          <name>Sent URL.</name>
          <attachments>
            <attachment source="d872558e-fe3a-4639-b33e-3c1231e92122-attachment.txt" title="Sent URL" type="text/plain"/>
          </attachments>
          <steps/>
        </step>
        <step start="1487579697105" status="passed" stop="1487579697105">
          <title>Received response.</title>
          <name>Received response.</name>
          <attachments>
            <attachment source="d8d718d4-45b4-457d-83d6-dcb696fc3c2c-attachment.json" title="Received response" type="application/json"/>
          </attachments>
          <steps/>
        </step>
        <step start="1487579697105" status="passed" stop="1487579697105">
          <title>Check response status.</title>
          <name>Check response status.</name>
          <attachments/>
          <steps/>
        </step>
        <step start="1487579697105" status="passed" stop="1487579697105">
          <title>Check response body.</title>
          <name>Check response body.</name>
          <attachments/>
          <steps/>
        </step>
      </steps>
    </test-case>
    <test-case start="1487579697110" status="passed" stop="1487579697453">
      <name>TestClass.test_register_negative_noemail</name>
      <labels>
        <label name="severity" value="critical"/>
        <label name="feature" value="Register"/>
        <label name="testId" value="Negative: Register test no email"/>
        <label name="thread" value="11272-MainThread"/>
        <label name="host" value="bbohomolov"/>
      </labels>
      <attachments/>
      <steps>
        <step start="1487579697112" status="passed" stop="1487579697452">
          <title>Send POST request.</title>
          <name>Send POST request.</name>
          <attachments/>
          <steps/>
        </step>
        <step start="1487579697452" status="passed" stop="1487579697452">
          <title>Sent URL.</title>
          <name>Sent URL.</name>
          <attachments>
            <attachment source="63d416f8-a57f-4e7f-9311-021894773a44-attachment.txt" title="Sent URL" type="text/plain"/>
          </attachments>
          <steps/>
        </step>
        <step start="1487579697452" status="passed" stop="1487579697452">
          <title>Received response.</title>
          <name>Received response.</name>
          <attachments>
            <attachment source="3545f0a2-aaed-4a7a-85f6-9887c8d059a5-attachment.json" title="Received response" type="application/json"/>
          </attachments>
          <steps/>
        </step>
        <step start="1487579697452" status="passed" stop="1487579697452">
          <title>Check response status.</title>
          <name>Check response status.</name>
          <attachments/>
          <steps/>
        </step>
        <step start="1487579697452" status="passed" stop="1487579697452">
          <title>Check response body.</title>
          <name>Check response body.</name>
          <attachments/>
          <steps/>
        </step>
      </steps>
    </test-case>
    <test-case start="1487579697456" status="failed" stop="1487579697795">
      <name>TestClass.test_register_negative[symbolic pass]</name>
      <failure>
        <message>AssertionError: Received response 201 status doesn't equal 400</message>
        <stack-trace>self = &lt;tests.register_test.TestClass instance at 0x7f73b674e440&gt;
param_test = ('peter@klaven', '!@^&amp;#%&amp;*')

    @allure.feature("Register")
    @allure.testcase("Negative: Register test email/password check")
    @allure.severity(pytest.allure.severity_level.CRITICAL)
    def test_register_negative(self, param_test):
        (email, password) = param_test
        r = u.send_post_request(self.register_request, {'email': email, 'password': password})
        u.attach_sent_URL(r.url)
        u.attach_response(r.text)
&gt;       u.check_response_status(r.status_code, requests.codes.bad)

tests/register_test.py:65: 
_ _ _ _ _ _ _ _ _ _ _ _ _ _ _ _ _ _ _ _ _ _ _ _ _ _ _ _ _ _ _ _ _ _ _ _ _ _ _ _ 
/usr/local/lib/python2.7/dist-packages/allure/common.py:57: in impl
    return func(*a, **kw)
_ _ _ _ _ _ _ _ _ _ _ _ _ _ _ _ _ _ _ _ _ _ _ _ _ _ _ _ _ _ _ _ _ _ _ _ _ _ _ _ 

self = &lt;tests.my_utils.MyUtils instance at 0x7f73b70930e0&gt;, actual = 201
expected = 400

    @allure.step("Check response status.")
    def check_response_status(self, actual, expected):
&gt;       assert actual == expected, "Received response " + str(actual) + " status doesn't equal " + str(expected)
E       AssertionError: Received response 201 status doesn't equal 400

tests/my_utils.py:12: AssertionError</stack-trace>
      </failure>
      <labels>
        <label name="severity" value="critical"/>
        <label name="feature" value="Register"/>
        <label name="testId" value="Negative: Register test email/password check"/>
        <label name="thread" value="11272-MainThread"/>
        <label name="host" value="bbohomolov"/>
      </labels>
      <attachments/>
      <steps>
        <step start="1487579697458" status="passed" stop="1487579697780">
          <title>Send POST request.</title>
          <name>Send POST request.</name>
          <attachments/>
          <steps/>
        </step>
        <step start="1487579697780" status="passed" stop="1487579697780">
          <title>Sent URL.</title>
          <name>Sent URL.</name>
          <attachments>
            <attachment source="0fbe5fc8-a993-42e1-855e-52fc249b251c-attachment.txt" title="Sent URL" type="text/plain"/>
          </attachments>
          <steps/>
        </step>
        <step start="1487579697780" status="passed" stop="1487579697780">
          <title>Received response.</title>
          <name>Received response.</name>
          <attachments>
            <attachment source="3355cc30-cacc-4e23-91d2-fc6d9811d181-attachment.json" title="Received response" type="application/json"/>
          </attachments>
          <steps/>
        </step>
        <step start="1487579697780" status="failed" stop="1487579697780">
          <title>Check response status.</title>
          <name>Check response status.</name>
          <attachments/>
          <steps/>
        </step>
      </steps>
    </test-case>
    <test-case start="1487579697801" status="failed" stop="1487579698150">
      <name>TestClass.test_register_negative[short pass]</name>
      <failure>
        <message>AssertionError: Received response 201 status doesn't equal 400</message>
        <stack-trace>self = &lt;tests.register_test.TestClass instance at 0x7f73b70c1b48&gt;
param_test = ('peter@klaven', '1')

    @allure.feature("Register")
    @allure.testcase("Negative: Register test email/password check")
    @allure.severity(pytest.allure.severity_level.CRITICAL)
    def test_register_negative(self, param_test):
        (email, password) = param_test
        r = u.send_post_request(self.register_request, {'email': email, 'password': password})
        u.attach_sent_URL(r.url)
        u.attach_response(r.text)
&gt;       u.check_response_status(r.status_code, requests.codes.bad)

tests/register_test.py:65: 
_ _ _ _ _ _ _ _ _ _ _ _ _ _ _ _ _ _ _ _ _ _ _ _ _ _ _ _ _ _ _ _ _ _ _ _ _ _ _ _ 
/usr/local/lib/python2.7/dist-packages/allure/common.py:57: in impl
    return func(*a, **kw)
_ _ _ _ _ _ _ _ _ _ _ _ _ _ _ _ _ _ _ _ _ _ _ _ _ _ _ _ _ _ _ _ _ _ _ _ _ _ _ _ 

self = &lt;tests.my_utils.MyUtils instance at 0x7f73b70930e0&gt;, actual = 201
expected = 400

    @allure.step("Check response status.")
    def check_response_status(self, actual, expected):
&gt;       assert actual == expected, "Received response " + str(actual) + " status doesn't equal " + str(expected)
E       AssertionError: Received response 201 status doesn't equal 400

tests/my_utils.py:12: AssertionError</stack-trace>
      </failure>
      <labels>
        <label name="severity" value="critical"/>
        <label name="feature" value="Register"/>
        <label name="testId" value="Negative: Register test email/password check"/>
        <label name="thread" value="11272-MainThread"/>
        <label name="host" value="bbohomolov"/>
      </labels>
      <attachments/>
      <steps>
        <step start="1487579697802" status="passed" stop="1487579698123">
          <title>Send POST request.</title>
          <name>Send POST request.</name>
          <attachments/>
          <steps/>
        </step>
        <step start="1487579698123" status="passed" stop="1487579698123">
          <title>Sent URL.</title>
          <name>Sent URL.</name>
          <attachments>
            <attachment source="41769d1d-e38b-4fea-8432-eb9ebaabd73a-attachment.txt" title="Sent URL" type="text/plain"/>
          </attachments>
          <steps/>
        </step>
        <step start="1487579698123" status="passed" stop="1487579698123">
          <title>Received response.</title>
          <name>Received response.</name>
          <attachments>
            <attachment source="957e197a-9100-474c-9e2d-89c6d7d3dd7c-attachment.json" title="Received response" type="application/json"/>
          </attachments>
          <steps/>
        </step>
        <step start="1487579698123" status="failed" stop="1487579698124">
          <title>Check response status.</title>
          <name>Check response status.</name>
          <attachments/>
          <steps/>
        </step>
      </steps>
    </test-case>
    <test-case start="1487579698161" status="failed" stop="1487579698757">
      <name>TestClass.test_register_negative[symbolic email]</name>
      <failure>
        <message>AssertionError: Received response 201 status doesn't equal 400</message>
        <stack-trace>self = &lt;tests.register_test.TestClass instance at 0x7f73b6797e18&gt;
param_test = ('!@^&amp;#%&amp;*', 'cityslicka')

    @allure.feature("Register")
    @allure.testcase("Negative: Register test email/password check")
    @allure.severity(pytest.allure.severity_level.CRITICAL)
    def test_register_negative(self, param_test):
        (email, password) = param_test
        r = u.send_post_request(self.register_request, {'email': email, 'password': password})
        u.attach_sent_URL(r.url)
        u.attach_response(r.text)
&gt;       u.check_response_status(r.status_code, requests.codes.bad)

tests/register_test.py:65: 
_ _ _ _ _ _ _ _ _ _ _ _ _ _ _ _ _ _ _ _ _ _ _ _ _ _ _ _ _ _ _ _ _ _ _ _ _ _ _ _ 
/usr/local/lib/python2.7/dist-packages/allure/common.py:57: in impl
    return func(*a, **kw)
_ _ _ _ _ _ _ _ _ _ _ _ _ _ _ _ _ _ _ _ _ _ _ _ _ _ _ _ _ _ _ _ _ _ _ _ _ _ _ _ 

self = &lt;tests.my_utils.MyUtils instance at 0x7f73b70930e0&gt;, actual = 201
expected = 400

    @allure.step("Check response status.")
    def check_response_status(self, actual, expected):
&gt;       assert actual == expected, "Received response " + str(actual) + " status doesn't equal " + str(expected)
E       AssertionError: Received response 201 status doesn't equal 400

tests/my_utils.py:12: AssertionError</stack-trace>
      </failure>
      <labels>
        <label name="severity" value="critical"/>
        <label name="feature" value="Register"/>
        <label name="testId" value="Negative: Register test email/password check"/>
        <label name="thread" value="11272-MainThread"/>
        <label name="host" value="bbohomolov"/>
      </labels>
      <attachments/>
      <steps>
        <step start="1487579698163" status="passed" stop="1487579698730">
          <title>Send POST request.</title>
          <name>Send POST request.</name>
          <attachments/>
          <steps/>
        </step>
        <step start="1487579698730" status="passed" stop="1487579698730">
          <title>Sent URL.</title>
          <name>Sent URL.</name>
          <attachments>
            <attachment source="cf11f90a-0e78-41a0-865d-1f3d6345865c-attachment.txt" title="Sent URL" type="text/plain"/>
          </attachments>
          <steps/>
        </step>
        <step start="1487579698730" status="passed" stop="1487579698730">
          <title>Received response.</title>
          <name>Received response.</name>
          <attachments>
            <attachment source="87873781-173b-4052-b111-3c5fe9239f93-attachment.json" title="Received response" type="application/json"/>
          </attachments>
          <steps/>
        </step>
        <step start="1487579698730" status="failed" stop="1487579698730">
          <title>Check response status.</title>
          <name>Check response status.</name>
          <attachments/>
          <steps/>
        </step>
      </steps>
    </test-case>
    <test-case start="1487579698770" status="failed" stop="1487579699127">
      <name>TestClass.test_register_negative[short email]</name>
      <failure>
        <message>AssertionError: Received response 201 status doesn't equal 400</message>
        <stack-trace>self = &lt;tests.register_test.TestClass instance at 0x7f73b67c0830&gt;
param_test = ('1', 'cityslicka')

    @allure.feature("Register")
    @allure.testcase("Negative: Register test email/password check")
    @allure.severity(pytest.allure.severity_level.CRITICAL)
    def test_register_negative(self, param_test):
        (email, password) = param_test
        r = u.send_post_request(self.register_request, {'email': email, 'password': password})
        u.attach_sent_URL(r.url)
        u.attach_response(r.text)
&gt;       u.check_response_status(r.status_code, requests.codes.bad)

tests/register_test.py:65: 
_ _ _ _ _ _ _ _ _ _ _ _ _ _ _ _ _ _ _ _ _ _ _ _ _ _ _ _ _ _ _ _ _ _ _ _ _ _ _ _ 
/usr/local/lib/python2.7/dist-packages/allure/common.py:57: in impl
    return func(*a, **kw)
_ _ _ _ _ _ _ _ _ _ _ _ _ _ _ _ _ _ _ _ _ _ _ _ _ _ _ _ _ _ _ _ _ _ _ _ _ _ _ _ 

self = &lt;tests.my_utils.MyUtils instance at 0x7f73b70930e0&gt;, actual = 201
expected = 400

    @allure.step("Check response status.")
    def check_response_status(self, actual, expected):
&gt;       assert actual == expected, "Received response " + str(actual) + " status doesn't equal " + str(expected)
E       AssertionError: Received response 201 status doesn't equal 400

tests/my_utils.py:12: AssertionError</stack-trace>
      </failure>
      <labels>
        <label name="severity" value="critical"/>
        <label name="feature" value="Register"/>
        <label name="testId" value="Negative: Register test email/password check"/>
        <label name="thread" value="11272-MainThread"/>
        <label name="host" value="bbohomolov"/>
      </labels>
      <attachments/>
      <steps>
        <step start="1487579698773" status="passed" stop="1487579699108">
          <title>Send POST request.</title>
          <name>Send POST request.</name>
          <attachments/>
          <steps/>
        </step>
        <step start="1487579699108" status="passed" stop="1487579699108">
          <title>Sent URL.</title>
          <name>Sent URL.</name>
          <attachments>
            <attachment source="e399c0e7-a736-44ac-a5d3-ef53e7ad1b30-attachment.txt" title="Sent URL" type="text/plain"/>
          </attachments>
          <steps/>
        </step>
        <step start="1487579699108" status="passed" stop="1487579699108">
          <title>Received response.</title>
          <name>Received response.</name>
          <attachments>
            <attachment source="537744c8-bf76-4d2c-a5ce-d4798a65a098-attachment.json" title="Received response" type="application/json"/>
          </attachments>
          <steps/>
        </step>
        <step start="1487579699108" status="failed" stop="1487579699108">
          <title>Check response status.</title>
          <name>Check response status.</name>
          <attachments/>
          <steps/>
        </step>
      </steps>
    </test-case>
  </test-cases>
  <labels/>
</ns0:test-suite>
