{
  "uid" : "2f8ad10a32e63c4d",
  "name" : "TestClass.test_login_negative[short email]",
  "title" : "Test login negative [short email]",
  "time" : {
    "start" : 1487553619513,
    "stop" : 1487553619863,
    "duration" : 350
  },
  "summary" : {
    "attachments" : 1,
    "steps" : 3
  },
  "failure" : {
    "message" : "AssertionError: Received response 200 status doesn't equal 400",
    "stackTrace" : "self = <tests.login_test.TestClass instance at 0x7f4c4a398128>\nparam_test = ('1', 'cityslicka')\n\n    @allure.feature(\"Login\")\n    @allure.testcase(\"Negative: Login test email/password check\")\n    @allure.severity(pytest.allure.severity_level.CRITICAL)\n    def test_login_negative(self, param_test):\n        (email, password) = param_test\n        r = u.send_get_request(self.login_request, {'email': email, 'password': password})\n        u.attach_response(r.text)\n>       u.check_response_status(r.status_code, requests.codes.bad)\n\ntests/login_test.py:63: \n_ _ _ _ _ _ _ _ _ _ _ _ _ _ _ _ _ _ _ _ _ _ _ _ _ _ _ _ _ _ _ _ _ _ _ _ _ _ _ _ \n/usr/local/lib/python2.7/dist-packages/allure/common.py:57: in impl\n    return func(*a, **kw)\n_ _ _ _ _ _ _ _ _ _ _ _ _ _ _ _ _ _ _ _ _ _ _ _ _ _ _ _ _ _ _ _ _ _ _ _ _ _ _ _ \n\nself = <tests.my_utils.MyUtils instance at 0x7f4c4ad09560>, actual = 200\nexpected = 400\n\n    @allure.step(\"Check response status.\")\n    def check_response_status(self, actual, expected):\n>       assert actual == expected, \"Received response \" + str(actual) + \" status doesn't equal \" + str(expected)\nE       AssertionError: Received response 200 status doesn't equal 400\n\ntests/my_utils.py:12: AssertionError"
  },
  "description" : null,
  "severity" : "CRITICAL",
  "status" : "FAILED",
  "testId" : {
    "name" : "Negative: Login test email/password check",
    "url" : "Negative: Login test email/password check"
  },
  "suite" : {
    "uid" : "d00fc28e7c7aa362",
    "name" : "tests.login_test",
    "title" : "Login test"
  },
  "steps" : [ {
    "name" : "Send GET request.",
    "title" : "Send GET request.",
    "time" : {
      "start" : 1487553619515,
      "stop" : 1487553619844,
      "duration" : 329
    },
    "summary" : {
      "attachments" : 0,
      "steps" : 0
    },
    "status" : "PASSED",
    "attachments" : [ ],
    "steps" : [ ]
  }, {
    "name" : "Received response.",
    "title" : "Received response.",
    "time" : {
      "start" : 1487553619845,
      "stop" : 1487553619845,
      "duration" : 0
    },
    "summary" : {
      "attachments" : 1,
      "steps" : 0
    },
    "status" : "PASSED",
    "attachments" : [ {
      "title" : "Received response",
      "source" : "de572ce1-5207-444a-b296-7a0a4a6b0cfe-attachment.json",
      "type" : "application/json",
      "size" : 258,
      "uid" : "201bc49611696674"
    } ],
    "steps" : [ ]
  }, {
    "name" : "Check response status.",
    "title" : "Check response status.",
    "time" : {
      "start" : 1487553619845,
      "stop" : 1487553619845,
      "duration" : 0
    },
    "summary" : {
      "attachments" : 0,
      "steps" : 0
    },
    "status" : "FAILED",
    "attachments" : [ ],
    "steps" : [ ]
  } ],
  "attachments" : [ ],
  "issues" : [ ],
  "labels" : [ {
    "name" : "severity",
    "value" : "critical"
  }, {
    "name" : "host",
    "value" : "bbohomolov"
  }, {
    "name" : "suite-title",
    "value" : null
  }, {
    "name" : "suite-name",
    "value" : "tests.login_test"
  }, {
    "name" : "feature",
    "value" : "Login"
  }, {
    "name" : "testId",
    "value" : "Negative: Login test email/password check"
  }, {
    "name" : "thread",
    "value" : "8843-MainThread"
  } ],
  "parameters" : [ ]
}