{
  "uid" : "308d2fa2f95e6768",
  "name" : "TestClass.test_register_negative[short email]",
  "title" : "Test register negative [short email]",
  "time" : {
    "start" : 1487555194977,
    "stop" : 1487555195313,
    "duration" : 336
  },
  "summary" : {
    "attachments" : 1,
    "steps" : 3
  },
  "failure" : {
    "message" : "AssertionError: Received response 201 status doesn't equal 400",
    "stackTrace" : "self = <tests.register_test.TestClass instance at 0x7f4f5c34b710>\nparam_test = ('1', 'cityslicka')\n\n    @allure.feature(\"Register\")\n    @allure.testcase(\"Negative: Register test email/password check\")\n    @allure.severity(pytest.allure.severity_level.CRITICAL)\n    def test_register_negative(self, param_test):\n        (email, password) = param_test\n        r = u.send_post_request(self.register_request, {'email': email, 'password': password})\n        u.attach_response(r.text)\n>       u.check_response_status(r.status_code, requests.codes.bad)\n\ntests/register_test.py:61: \n_ _ _ _ _ _ _ _ _ _ _ _ _ _ _ _ _ _ _ _ _ _ _ _ _ _ _ _ _ _ _ _ _ _ _ _ _ _ _ _ \n/usr/local/lib/python2.7/dist-packages/allure/common.py:57: in impl\n    return func(*a, **kw)\n_ _ _ _ _ _ _ _ _ _ _ _ _ _ _ _ _ _ _ _ _ _ _ _ _ _ _ _ _ _ _ _ _ _ _ _ _ _ _ _ \n\nself = <tests.my_utils.MyUtils instance at 0x7f4f5cd5e6c8>, actual = 201\nexpected = 400\n\n    @allure.step(\"Check response status.\")\n    def check_response_status(self, actual, expected):\n>       assert actual == expected, \"Received response \" + str(actual) + \" status doesn't equal \" + str(expected)\nE       AssertionError: Received response 201 status doesn't equal 400\n\ntests/my_utils.py:12: AssertionError"
  },
  "description" : null,
  "severity" : "CRITICAL",
  "status" : "FAILED",
  "testId" : {
    "name" : "Negative: Register test email/password check",
    "url" : "Negative: Register test email/password check"
  },
  "suite" : {
    "uid" : "70b72662d2dfae4a",
    "name" : "tests.register_test",
    "title" : "Register test"
  },
  "steps" : [ {
    "name" : "Send POST request.",
    "title" : "Send POST request.",
    "time" : {
      "start" : 1487555194978,
      "stop" : 1487555195297,
      "duration" : 319
    },
    "summary" : {
      "attachments" : 0,
      "steps" : 0
    },
    "status" : "PASSED",
    "attachments" : [ ],
    "steps" : [ ]
  }, {
    "name" : "Received response.",
    "title" : "Received response.",
    "time" : {
      "start" : 1487555195297,
      "stop" : 1487555195297,
      "duration" : 0
    },
    "summary" : {
      "attachments" : 1,
      "steps" : 0
    },
    "status" : "PASSED",
    "attachments" : [ {
      "title" : "Received response",
      "source" : "03626540-1a02-438e-931e-e045ecbb31bc-attachment.json",
      "type" : "application/json",
      "size" : 28,
      "uid" : "d9f55b5d56db7ab8"
    } ],
    "steps" : [ ]
  }, {
    "name" : "Check response status.",
    "title" : "Check response status.",
    "time" : {
      "start" : 1487555195297,
      "stop" : 1487555195297,
      "duration" : 0
    },
    "summary" : {
      "attachments" : 0,
      "steps" : 0
    },
    "status" : "FAILED",
    "attachments" : [ ],
    "steps" : [ ]
  } ],
  "attachments" : [ ],
  "issues" : [ ],
  "labels" : [ {
    "name" : "suite-name",
    "value" : "tests.register_test"
  }, {
    "name" : "severity",
    "value" : "critical"
  }, {
    "name" : "host",
    "value" : "bbohomolov"
  }, {
    "name" : "feature",
    "value" : "Register"
  }, {
    "name" : "suite-title",
    "value" : null
  }, {
    "name" : "thread",
    "value" : "9488-MainThread"
  }, {
    "name" : "testId",
    "value" : "Negative: Register test email/password check"
  } ],
  "parameters" : [ ]
}