{
  "uid" : "525521a0b7bce18a",
  "name" : "TestClass.test_login_negative[param_test5]",
  "title" : "Test login negative [param_test5]",
  "time" : {
    "start" : 1487550141836,
    "stop" : 1487550142190,
    "duration" : 354
  },
  "summary" : {
    "attachments" : 1,
    "steps" : 3
  },
  "failure" : {
    "message" : "AssertionError: Received response 200 status doesn't equal 400\nassert 200 == 400",
    "stackTrace" : "self = <reqres_test.TestClass instance at 0x7f82e91c4e60>\nparam_test = ('1', 'cityslicka')\n\n    @allure.feature(\"Login\")\n    @allure.testcase(\"Negative: Login test email/password check\")\n    @allure.severity(pytest.allure.severity_level.CRITICAL)\n    def test_login_negative(self, param_test):\n        (email, password) = param_test\n        r = self.send_get_request(self.login_request, {'email': email, 'password': password})\n        self.attach_response(r.text)\n>       self.check_response_status(r.status_code, requests.codes.bad)\n\ntests/reqres_test.py:82: \n_ _ _ _ _ _ _ _ _ _ _ _ _ _ _ _ _ _ _ _ _ _ _ _ _ _ _ _ _ _ _ _ _ _ _ _ _ _ _ _ \n/usr/local/lib/python2.7/dist-packages/allure/common.py:57: in impl\n    return func(*a, **kw)\n_ _ _ _ _ _ _ _ _ _ _ _ _ _ _ _ _ _ _ _ _ _ _ _ _ _ _ _ _ _ _ _ _ _ _ _ _ _ _ _ \n\nself = <reqres_test.TestClass instance at 0x7f82e91c4e60>, actual = 200\nexpected = 400\n\n    @allure.step(\"Check response status.\")\n    def check_response_status(self, actual, expected):\n>       assert actual == expected, \"Received response \"+str(actual)+\" status doesn't equal \"+str(expected)\nE       AssertionError: Received response 200 status doesn't equal 400\nE       assert 200 == 400\n\ntests/reqres_test.py:29: AssertionError"
  },
  "description" : null,
  "severity" : "CRITICAL",
  "status" : "FAILED",
  "testId" : {
    "name" : "Negative: Login test email/password check",
    "url" : "Negative: Login test email/password check"
  },
  "suite" : {
    "uid" : "d5c3621ede5ef86f",
    "name" : "reqres_test",
    "title" : "Reqres test"
  },
  "steps" : [ {
    "name" : "Send GET request.",
    "title" : "Send GET request.",
    "time" : {
      "start" : 1487550141837,
      "stop" : 1487550142163,
      "duration" : 326
    },
    "summary" : {
      "attachments" : 0,
      "steps" : 0
    },
    "status" : "PASSED",
    "attachments" : [ ],
    "steps" : [ ]
  }, {
    "name" : "Received response.",
    "title" : "Received response.",
    "time" : {
      "start" : 1487550142164,
      "stop" : 1487550142164,
      "duration" : 0
    },
    "summary" : {
      "attachments" : 1,
      "steps" : 0
    },
    "status" : "PASSED",
    "attachments" : [ {
      "title" : "Received response",
      "source" : "e37e38d0-90da-48ab-b7f0-f02d108f9783-attachment.json",
      "type" : "application/json",
      "size" : 258,
      "uid" : "affaacf0e0d2abed"
    } ],
    "steps" : [ ]
  }, {
    "name" : "Check response status.",
    "title" : "Check response status.",
    "time" : {
      "start" : 1487550142164,
      "stop" : 1487550142164,
      "duration" : 0
    },
    "summary" : {
      "attachments" : 0,
      "steps" : 0
    },
    "status" : "FAILED",
    "attachments" : [ ],
    "steps" : [ ]
  } ],
  "attachments" : [ ],
  "issues" : [ ],
  "labels" : [ {
    "name" : "thread",
    "value" : "7780-MainThread"
  }, {
    "name" : "suite-name",
    "value" : "reqres_test"
  }, {
    "name" : "severity",
    "value" : "critical"
  }, {
    "name" : "host",
    "value" : "bbohomolov"
  }, {
    "name" : "suite-title",
    "value" : null
  }, {
    "name" : "feature",
    "value" : "Login"
  }, {
    "name" : "testId",
    "value" : "Negative: Login test email/password check"
  } ],
  "parameters" : [ ]
}