{
  "uid" : "63d003e14e444b1c",
  "name" : "TestClass.test_register_negative_nopasswd",
  "title" : "Test register negative nopasswd",
  "time" : {
    "start" : 1487553620214,
    "stop" : 1487553620573,
    "duration" : 359
  },
  "summary" : {
    "attachments" : 1,
    "steps" : 3
  },
  "failure" : {
    "message" : "AssertionError: Received response 200 status doesn't equal 400",
    "stackTrace" : "self = <tests.register_test.TestClass instance at 0x7f4c4a398dd0>\n\n    @allure.feature(\"Register\")\n    @allure.testcase(\"Negative: Register test no password\")\n    @allure.severity(pytest.allure.severity_level.CRITICAL)\n    def test_register_negative_nopasswd(self):\n        r = u.send_get_request(self.register_request, {'email': self.email})\n        u.attach_response(r.text)\n>       u.check_response_status(r.status_code, requests.codes.bad)\n\ntests/register_test.py:42: \n_ _ _ _ _ _ _ _ _ _ _ _ _ _ _ _ _ _ _ _ _ _ _ _ _ _ _ _ _ _ _ _ _ _ _ _ _ _ _ _ \n/usr/local/lib/python2.7/dist-packages/allure/common.py:57: in impl\n    return func(*a, **kw)\n_ _ _ _ _ _ _ _ _ _ _ _ _ _ _ _ _ _ _ _ _ _ _ _ _ _ _ _ _ _ _ _ _ _ _ _ _ _ _ _ \n\nself = <tests.my_utils.MyUtils instance at 0x7f4c4ad7a0e0>, actual = 200\nexpected = 400\n\n    @allure.step(\"Check response status.\")\n    def check_response_status(self, actual, expected):\n>       assert actual == expected, \"Received response \" + str(actual) + \" status doesn't equal \" + str(expected)\nE       AssertionError: Received response 200 status doesn't equal 400\n\ntests/my_utils.py:12: AssertionError"
  },
  "description" : null,
  "severity" : "CRITICAL",
  "status" : "FAILED",
  "testId" : {
    "name" : "Negative: Register test no password",
    "url" : "Negative: Register test no password"
  },
  "suite" : {
    "uid" : "e7a8fffd4eca2a7e",
    "name" : "tests.register_test",
    "title" : "Register test"
  },
  "steps" : [ {
    "name" : "Send GET request.",
    "title" : "Send GET request.",
    "time" : {
      "start" : 1487553620215,
      "stop" : 1487553620553,
      "duration" : 338
    },
    "summary" : {
      "attachments" : 0,
      "steps" : 0
    },
    "status" : "PASSED",
    "attachments" : [ ],
    "steps" : [ ]
  }, {
    "name" : "Received response.",
    "title" : "Received response.",
    "time" : {
      "start" : 1487553620553,
      "stop" : 1487553620553,
      "duration" : 0
    },
    "summary" : {
      "attachments" : 1,
      "steps" : 0
    },
    "status" : "PASSED",
    "attachments" : [ {
      "title" : "Received response",
      "source" : "5845ad26-ac51-40c4-93f6-45eecf7aeef4-attachment.json",
      "type" : "application/json",
      "size" : 258,
      "uid" : "172067a70bf08507"
    } ],
    "steps" : [ ]
  }, {
    "name" : "Check response status.",
    "title" : "Check response status.",
    "time" : {
      "start" : 1487553620553,
      "stop" : 1487553620553,
      "duration" : 0
    },
    "summary" : {
      "attachments" : 0,
      "steps" : 0
    },
    "status" : "FAILED",
    "attachments" : [ ],
    "steps" : [ ]
  } ],
  "attachments" : [ ],
  "issues" : [ ],
  "labels" : [ {
    "name" : "testId",
    "value" : "Negative: Register test no password"
  }, {
    "name" : "suite-name",
    "value" : "tests.register_test"
  }, {
    "name" : "severity",
    "value" : "critical"
  }, {
    "name" : "host",
    "value" : "bbohomolov"
  }, {
    "name" : "feature",
    "value" : "Register"
  }, {
    "name" : "suite-title",
    "value" : null
  }, {
    "name" : "thread",
    "value" : "8843-MainThread"
  } ],
  "parameters" : [ ]
}