{
  "uid" : "8025033c365c3ac6",
  "name" : "TestClass.test_create[w/o name]",
  "title" : "Test create [w/o name]",
  "time" : {
    "start" : 1487590865243,
    "stop" : 1487590865776,
    "duration" : 533
  },
  "summary" : {
    "attachments" : 2,
    "steps" : 4
  },
  "failure" : {
    "message" : "AssertionError: Received response 201 status doesn't equal 400",
    "stackTrace" : "self = <tests.create_test.TestClass instance at 0x7f1bca7e0b90>\nparam_test = ({'job': 'leader'}, 400, '')\n\n    @allure.feature(\"Create\")\n    @allure.testcase(\"Create\")\n    @allure.severity(pytest.allure.severity_level.CRITICAL)\n    def test_create(self, param_test):\n        (data, code, expected_response) = param_test\n        r = u.send_post_request(self.create_request, data)\n        u.attach_response(r.text)\n        u.attach_sent_url(r.url)\n>       u.check_response_status(r.status_code, code)\n\ntests/create_test.py:38: \n_ _ _ _ _ _ _ _ _ _ _ _ _ _ _ _ _ _ _ _ _ _ _ _ _ _ _ _ _ _ _ _ _ _ _ _ _ _ _ _ \n/usr/local/lib/python2.7/dist-packages/allure/common.py:57: in impl\n    return func(*a, **kw)\n_ _ _ _ _ _ _ _ _ _ _ _ _ _ _ _ _ _ _ _ _ _ _ _ _ _ _ _ _ _ _ _ _ _ _ _ _ _ _ _ \n\nself = <tests.my_utils.MyUtils instance at 0x7f1bc9db5368>, actual = 201\nexpected = 400\n\n    @allure.step(\"Check response status.\")\n    def check_response_status(self, actual, expected):\n>       assert actual == expected, \"Received response \" + str(actual) + \" status doesn't equal \" + str(expected)\nE       AssertionError: Received response 201 status doesn't equal 400\n\ntests/my_utils.py:12: AssertionError"
  },
  "description" : null,
  "severity" : "CRITICAL",
  "status" : "FAILED",
  "testId" : {
    "name" : "Create",
    "url" : "Create"
  },
  "suite" : {
    "uid" : "f3deba06dd7b0057",
    "name" : "tests.create_test",
    "title" : "Create test"
  },
  "steps" : [ {
    "name" : "Send POST request.",
    "title" : "Send POST request.",
    "time" : {
      "start" : 1487590865244,
      "stop" : 1487590865750,
      "duration" : 506
    },
    "summary" : {
      "attachments" : 0,
      "steps" : 0
    },
    "status" : "PASSED",
    "attachments" : [ ],
    "steps" : [ ]
  }, {
    "name" : "Received response.",
    "title" : "Received response.",
    "time" : {
      "start" : 1487590865750,
      "stop" : 1487590865750,
      "duration" : 0
    },
    "summary" : {
      "attachments" : 1,
      "steps" : 0
    },
    "status" : "PASSED",
    "attachments" : [ {
      "title" : "Received response",
      "source" : "9f82431b-0870-49b4-be6a-5bdda8aa8988-attachment.json",
      "type" : "application/json",
      "size" : 66,
      "uid" : "dd7db131cb2aba0b"
    } ],
    "steps" : [ ]
  }, {
    "name" : "Sent URL.",
    "title" : "Sent URL.",
    "time" : {
      "start" : 1487590865750,
      "stop" : 1487590865750,
      "duration" : 0
    },
    "summary" : {
      "attachments" : 1,
      "steps" : 0
    },
    "status" : "PASSED",
    "attachments" : [ {
      "title" : "Sent URL",
      "source" : "bb54c3e9-5598-4756-92e1-7e2e81ccb53c-attachment.txt",
      "type" : "text/plain",
      "size" : 28,
      "uid" : "3126770de5c7821d"
    } ],
    "steps" : [ ]
  }, {
    "name" : "Check response status.",
    "title" : "Check response status.",
    "time" : {
      "start" : 1487590865750,
      "stop" : 1487590865750,
      "duration" : 0
    },
    "summary" : {
      "attachments" : 0,
      "steps" : 0
    },
    "status" : "FAILED",
    "attachments" : [ ],
    "steps" : [ ]
  } ],
  "attachments" : [ ],
  "issues" : [ ],
  "labels" : [ {
    "name" : "feature",
    "value" : "Create"
  }, {
    "name" : "severity",
    "value" : "critical"
  }, {
    "name" : "host",
    "value" : "bbohomolov"
  }, {
    "name" : "suite-title",
    "value" : null
  }, {
    "name" : "testId",
    "value" : "Create"
  }, {
    "name" : "thread",
    "value" : "16170-MainThread"
  }, {
    "name" : "suite-name",
    "value" : "tests.create_test"
  } ],
  "parameters" : [ ]
}