{
  "uid" : "938ca3502c2a52de",
  "name" : "TestClass.test_login_negative_noemail",
  "title" : "Test login negative noemail",
  "time" : {
    "start" : 1487550947954,
    "stop" : 1487550948315,
    "duration" : 361
  },
  "summary" : {
    "attachments" : 1,
    "steps" : 3
  },
  "failure" : {
    "message" : "AssertionError: Received response 200 status doesn't equal 400\nassert 200 == 400",
    "stackTrace" : "self = <reqres_test.TestClass instance at 0x7face53512d8>\n\n    @allure.feature(\"Login\")\n    @allure.testcase(\"Negative: Login test no email\")\n    @allure.severity(pytest.allure.severity_level.CRITICAL)\n    def test_login_negative_noemail(self):\n        r = self.send_get_request(self.login_request, {'password': self.password})\n        self.attach_response(r.text)\n>       self.check_response_status(r.status_code, requests.codes.bad)\n\ntests/reqres_test.py:77: \n_ _ _ _ _ _ _ _ _ _ _ _ _ _ _ _ _ _ _ _ _ _ _ _ _ _ _ _ _ _ _ _ _ _ _ _ _ _ _ _ \n/usr/local/lib/python2.7/dist-packages/allure/common.py:57: in impl\n    return func(*a, **kw)\n_ _ _ _ _ _ _ _ _ _ _ _ _ _ _ _ _ _ _ _ _ _ _ _ _ _ _ _ _ _ _ _ _ _ _ _ _ _ _ _ \n\nself = <reqres_test.TestClass instance at 0x7face53512d8>, actual = 200\nexpected = 400\n\n    @allure.step(\"Check response status.\")\n    def check_response_status(self, actual, expected):\n>       assert actual == expected, \"Received response \"+str(actual)+\" status doesn't equal \"+str(expected)\nE       AssertionError: Received response 200 status doesn't equal 400\nE       assert 200 == 400\n\ntests/reqres_test.py:34: AssertionError"
  },
  "description" : null,
  "severity" : "CRITICAL",
  "status" : "FAILED",
  "testId" : {
    "name" : "Negative: Login test no email",
    "url" : "Negative: Login test no email"
  },
  "suite" : {
    "uid" : "1d18ba19e40229c4",
    "name" : "reqres_test",
    "title" : "Reqres test"
  },
  "steps" : [ {
    "name" : "Send GET request.",
    "title" : "Send GET request.",
    "time" : {
      "start" : 1487550947956,
      "stop" : 1487550948292,
      "duration" : 336
    },
    "summary" : {
      "attachments" : 0,
      "steps" : 0
    },
    "status" : "PASSED",
    "attachments" : [ ],
    "steps" : [ ]
  }, {
    "name" : "Received response.",
    "title" : "Received response.",
    "time" : {
      "start" : 1487550948292,
      "stop" : 1487550948292,
      "duration" : 0
    },
    "summary" : {
      "attachments" : 1,
      "steps" : 0
    },
    "status" : "PASSED",
    "attachments" : [ {
      "title" : "Received response",
      "source" : "a4299abd-d7dd-4b2b-af27-acddcd231995-attachment.json",
      "type" : "application/json",
      "size" : 258,
      "uid" : "98a3b38b103235dd"
    } ],
    "steps" : [ ]
  }, {
    "name" : "Check response status.",
    "title" : "Check response status.",
    "time" : {
      "start" : 1487550948292,
      "stop" : 1487550948293,
      "duration" : 1
    },
    "summary" : {
      "attachments" : 0,
      "steps" : 0
    },
    "status" : "FAILED",
    "attachments" : [ ],
    "steps" : [ ]
  } ],
  "attachments" : [ ],
  "issues" : [ ],
  "labels" : [ {
    "name" : "thread",
    "value" : "8051-MainThread"
  }, {
    "name" : "suite-name",
    "value" : "reqres_test"
  }, {
    "name" : "severity",
    "value" : "critical"
  }, {
    "name" : "host",
    "value" : "bbohomolov"
  }, {
    "name" : "suite-title",
    "value" : null
  }, {
    "name" : "feature",
    "value" : "Login"
  }, {
    "name" : "testId",
    "value" : "Negative: Login test no email"
  } ],
  "parameters" : [ ]
}