{
  "uid" : "a9f982d47f8f3612",
  "name" : "TestClass.test_login_negative_nopasswd",
  "title" : "Test login negative nopasswd",
  "time" : {
    "start" : 1487546509296,
    "stop" : 1487546509653,
    "duration" : 357
  },
  "summary" : {
    "attachments" : 1,
    "steps" : 3
  },
  "failure" : {
    "message" : "AssertionError: Received response status 200 doesn't equal 400\nassert 200 == 400",
    "stackTrace" : "self = <reqres_test.TestClass instance at 0x7f6093ea17a0>\n\n    @allure.feature(\"Login\")\n    @allure.testcase(\"Negative: Login test no password\")\n    @allure.severity(pytest.allure.severity_level.CRITICAL)\n    def test_login_negative_nopasswd(self):\n        r = self.send_get_request(self.login_request, {'email': self.email})\n        print(r.text)\n        self.attach_response(r.text)\n>       self.check_response_status(r.status_code, requests.codes.bad)\n\ntests/reqres_test.py:50: \n_ _ _ _ _ _ _ _ _ _ _ _ _ _ _ _ _ _ _ _ _ _ _ _ _ _ _ _ _ _ _ _ _ _ _ _ _ _ _ _ \n/usr/local/lib/python2.7/dist-packages/allure/common.py:57: in impl\n    return func(*a, **kw)\n_ _ _ _ _ _ _ _ _ _ _ _ _ _ _ _ _ _ _ _ _ _ _ _ _ _ _ _ _ _ _ _ _ _ _ _ _ _ _ _ \n\nself = <reqres_test.TestClass instance at 0x7f6093ea17a0>, actual = 200\nexpected = 400\n\n    @allure.step(\"Check response status.\")\n    def check_response_status(self, actual, expected):\n>       assert actual == expected, \"Received response status \"+str(actual)+\" doesn't equal \"+str(expected)\nE       AssertionError: Received response status 200 doesn't equal 400\nE       assert 200 == 400\n\ntests/reqres_test.py:16: AssertionError"
  },
  "description" : null,
  "severity" : "CRITICAL",
  "status" : "FAILED",
  "testId" : {
    "name" : "Negative: Login test no password",
    "url" : "Negative: Login test no password"
  },
  "suite" : {
    "uid" : "31841ffb7aefbaa0",
    "name" : "reqres_test",
    "title" : "Reqres test"
  },
  "steps" : [ {
    "name" : "Send GET request.",
    "title" : "Send GET request.",
    "time" : {
      "start" : 1487546509299,
      "stop" : 1487546509631,
      "duration" : 332
    },
    "summary" : {
      "attachments" : 0,
      "steps" : 0
    },
    "status" : "PASSED",
    "attachments" : [ ],
    "steps" : [ ]
  }, {
    "name" : "Received response.",
    "title" : "Received response.",
    "time" : {
      "start" : 1487546509632,
      "stop" : 1487546509632,
      "duration" : 0
    },
    "summary" : {
      "attachments" : 1,
      "steps" : 0
    },
    "status" : "PASSED",
    "attachments" : [ {
      "title" : "Received response",
      "source" : "cd570336-e6f0-4435-904f-f85a5d183d41-attachment.json",
      "type" : "application/json",
      "size" : 258,
      "uid" : "49211f34c37d44b1"
    } ],
    "steps" : [ ]
  }, {
    "name" : "Check response status.",
    "title" : "Check response status.",
    "time" : {
      "start" : 1487546509632,
      "stop" : 1487546509632,
      "duration" : 0
    },
    "summary" : {
      "attachments" : 0,
      "steps" : 0
    },
    "status" : "FAILED",
    "attachments" : [ ],
    "steps" : [ ]
  } ],
  "attachments" : [ ],
  "issues" : [ ],
  "labels" : [ {
    "name" : "suite-name",
    "value" : "reqres_test"
  }, {
    "name" : "severity",
    "value" : "critical"
  }, {
    "name" : "testId",
    "value" : "Negative: Login test no password"
  }, {
    "name" : "host",
    "value" : "bbohomolov"
  }, {
    "name" : "thread",
    "value" : "7096-MainThread"
  }, {
    "name" : "suite-title",
    "value" : null
  }, {
    "name" : "feature",
    "value" : "Login"
  } ],
  "parameters" : [ ]
}