{
  "uid" : "aa8c6460d0c616d",
  "name" : "TestClass.test_login_negative_nopasswd",
  "title" : "Test login negative nopasswd",
  "time" : {
    "start" : 1487550138530,
    "stop" : 1487550139071,
    "duration" : 541
  },
  "summary" : {
    "attachments" : 1,
    "steps" : 3
  },
  "failure" : {
    "message" : "AssertionError: Received response 200 status doesn't equal 400\nassert 200 == 400",
    "stackTrace" : "self = <reqres_test.TestClass instance at 0x7f82e9af7cf8>\n\n    @allure.feature(\"Login\")\n    @allure.testcase(\"Negative: Login test no password\")\n    @allure.severity(pytest.allure.severity_level.CRITICAL)\n    def test_login_negative_nopasswd(self):\n        r = self.send_get_request(self.login_request, {'email': self.email})\n        self.attach_response(r.text)\n>       self.check_response_status(r.status_code, requests.codes.bad)\n\ntests/reqres_test.py:63: \n_ _ _ _ _ _ _ _ _ _ _ _ _ _ _ _ _ _ _ _ _ _ _ _ _ _ _ _ _ _ _ _ _ _ _ _ _ _ _ _ \n/usr/local/lib/python2.7/dist-packages/allure/common.py:57: in impl\n    return func(*a, **kw)\n_ _ _ _ _ _ _ _ _ _ _ _ _ _ _ _ _ _ _ _ _ _ _ _ _ _ _ _ _ _ _ _ _ _ _ _ _ _ _ _ \n\nself = <reqres_test.TestClass instance at 0x7f82e9af7cf8>, actual = 200\nexpected = 400\n\n    @allure.step(\"Check response status.\")\n    def check_response_status(self, actual, expected):\n>       assert actual == expected, \"Received response \"+str(actual)+\" status doesn't equal \"+str(expected)\nE       AssertionError: Received response 200 status doesn't equal 400\nE       assert 200 == 400\n\ntests/reqres_test.py:29: AssertionError"
  },
  "description" : null,
  "severity" : "CRITICAL",
  "status" : "FAILED",
  "testId" : {
    "name" : "Negative: Login test no password",
    "url" : "Negative: Login test no password"
  },
  "suite" : {
    "uid" : "d5c3621ede5ef86f",
    "name" : "reqres_test",
    "title" : "Reqres test"
  },
  "steps" : [ {
    "name" : "Send GET request.",
    "title" : "Send GET request.",
    "time" : {
      "start" : 1487550138531,
      "stop" : 1487550139042,
      "duration" : 511
    },
    "summary" : {
      "attachments" : 0,
      "steps" : 0
    },
    "status" : "PASSED",
    "attachments" : [ ],
    "steps" : [ ]
  }, {
    "name" : "Received response.",
    "title" : "Received response.",
    "time" : {
      "start" : 1487550139042,
      "stop" : 1487550139043,
      "duration" : 1
    },
    "summary" : {
      "attachments" : 1,
      "steps" : 0
    },
    "status" : "PASSED",
    "attachments" : [ {
      "title" : "Received response",
      "source" : "c65a044c-7e41-410d-9d7d-aa253e59cd8b-attachment.json",
      "type" : "application/json",
      "size" : 258,
      "uid" : "afbb4908cdb4f015"
    } ],
    "steps" : [ ]
  }, {
    "name" : "Check response status.",
    "title" : "Check response status.",
    "time" : {
      "start" : 1487550139043,
      "stop" : 1487550139043,
      "duration" : 0
    },
    "summary" : {
      "attachments" : 0,
      "steps" : 0
    },
    "status" : "FAILED",
    "attachments" : [ ],
    "steps" : [ ]
  } ],
  "attachments" : [ ],
  "issues" : [ ],
  "labels" : [ {
    "name" : "thread",
    "value" : "7780-MainThread"
  }, {
    "name" : "suite-name",
    "value" : "reqres_test"
  }, {
    "name" : "severity",
    "value" : "critical"
  }, {
    "name" : "testId",
    "value" : "Negative: Login test no password"
  }, {
    "name" : "host",
    "value" : "bbohomolov"
  }, {
    "name" : "suite-title",
    "value" : null
  }, {
    "name" : "feature",
    "value" : "Login"
  } ],
  "parameters" : [ ]
}