{
  "uid" : "b16870d2a69926f4",
  "name" : "TestClass.test_register",
  "title" : "Test register",
  "time" : {
    "start" : 1487553619871,
    "stop" : 1487553620208,
    "duration" : 337
  },
  "summary" : {
    "attachments" : 1,
    "steps" : 3
  },
  "failure" : {
    "message" : "AssertionError: Received response 200 status doesn't equal 201",
    "stackTrace" : "self = <tests.register_test.TestClass instance at 0x7f4c4a319200>\n\n    @allure.feature(\"Register\")\n    @allure.testcase(\"Positive: Register test\")\n    @allure.severity(pytest.allure.severity_level.CRITICAL)\n    def test_register(self):\n        r = u.send_get_request(self.register_request, {'email': self.email, 'password': self.password})\n        u.attach_response(r.text)\n>       u.check_response_status(r.status_code, requests.codes.created)\n\ntests/register_test.py:33: \n_ _ _ _ _ _ _ _ _ _ _ _ _ _ _ _ _ _ _ _ _ _ _ _ _ _ _ _ _ _ _ _ _ _ _ _ _ _ _ _ \n/usr/local/lib/python2.7/dist-packages/allure/common.py:57: in impl\n    return func(*a, **kw)\n_ _ _ _ _ _ _ _ _ _ _ _ _ _ _ _ _ _ _ _ _ _ _ _ _ _ _ _ _ _ _ _ _ _ _ _ _ _ _ _ \n\nself = <tests.my_utils.MyUtils instance at 0x7f4c4ad7a0e0>, actual = 200\nexpected = 201\n\n    @allure.step(\"Check response status.\")\n    def check_response_status(self, actual, expected):\n>       assert actual == expected, \"Received response \" + str(actual) + \" status doesn't equal \" + str(expected)\nE       AssertionError: Received response 200 status doesn't equal 201\n\ntests/my_utils.py:12: AssertionError"
  },
  "description" : null,
  "severity" : "CRITICAL",
  "status" : "FAILED",
  "testId" : {
    "name" : "Positive: Register test",
    "url" : "Positive: Register test"
  },
  "suite" : {
    "uid" : "e7a8fffd4eca2a7e",
    "name" : "tests.register_test",
    "title" : "Register test"
  },
  "steps" : [ {
    "name" : "Send GET request.",
    "title" : "Send GET request.",
    "time" : {
      "start" : 1487553619874,
      "stop" : 1487553620190,
      "duration" : 316
    },
    "summary" : {
      "attachments" : 0,
      "steps" : 0
    },
    "status" : "PASSED",
    "attachments" : [ ],
    "steps" : [ ]
  }, {
    "name" : "Received response.",
    "title" : "Received response.",
    "time" : {
      "start" : 1487553620191,
      "stop" : 1487553620191,
      "duration" : 0
    },
    "summary" : {
      "attachments" : 1,
      "steps" : 0
    },
    "status" : "PASSED",
    "attachments" : [ {
      "title" : "Received response",
      "source" : "cd65af9f-3451-4c87-a1e4-8a3690252e04-attachment.json",
      "type" : "application/json",
      "size" : 258,
      "uid" : "965a561530f2c52"
    } ],
    "steps" : [ ]
  }, {
    "name" : "Check response status.",
    "title" : "Check response status.",
    "time" : {
      "start" : 1487553620191,
      "stop" : 1487553620191,
      "duration" : 0
    },
    "summary" : {
      "attachments" : 0,
      "steps" : 0
    },
    "status" : "FAILED",
    "attachments" : [ ],
    "steps" : [ ]
  } ],
  "attachments" : [ ],
  "issues" : [ ],
  "labels" : [ {
    "name" : "suite-name",
    "value" : "tests.register_test"
  }, {
    "name" : "severity",
    "value" : "critical"
  }, {
    "name" : "host",
    "value" : "bbohomolov"
  }, {
    "name" : "feature",
    "value" : "Register"
  }, {
    "name" : "suite-title",
    "value" : null
  }, {
    "name" : "testId",
    "value" : "Positive: Register test"
  }, {
    "name" : "thread",
    "value" : "8843-MainThread"
  } ],
  "parameters" : [ ]
}