{
  "uid" : "cef27c7459518f49",
  "name" : "TestClass.test_register_negative[symbolic pass]",
  "title" : "Test register negative [symbolic pass]",
  "time" : {
    "start" : 1487579697456,
    "stop" : 1487579697795,
    "duration" : 339
  },
  "summary" : {
    "attachments" : 2,
    "steps" : 4
  },
  "failure" : {
    "message" : "AssertionError: Received response 201 status doesn't equal 400",
    "stackTrace" : "self = <tests.register_test.TestClass instance at 0x7f73b674e440>\nparam_test = ('peter@klaven', '!@^&#%&*')\n\n    @allure.feature(\"Register\")\n    @allure.testcase(\"Negative: Register test email/password check\")\n    @allure.severity(pytest.allure.severity_level.CRITICAL)\n    def test_register_negative(self, param_test):\n        (email, password) = param_test\n        r = u.send_post_request(self.register_request, {'email': email, 'password': password})\n        u.attach_sent_URL(r.url)\n        u.attach_response(r.text)\n>       u.check_response_status(r.status_code, requests.codes.bad)\n\ntests/register_test.py:65: \n_ _ _ _ _ _ _ _ _ _ _ _ _ _ _ _ _ _ _ _ _ _ _ _ _ _ _ _ _ _ _ _ _ _ _ _ _ _ _ _ \n/usr/local/lib/python2.7/dist-packages/allure/common.py:57: in impl\n    return func(*a, **kw)\n_ _ _ _ _ _ _ _ _ _ _ _ _ _ _ _ _ _ _ _ _ _ _ _ _ _ _ _ _ _ _ _ _ _ _ _ _ _ _ _ \n\nself = <tests.my_utils.MyUtils instance at 0x7f73b70930e0>, actual = 201\nexpected = 400\n\n    @allure.step(\"Check response status.\")\n    def check_response_status(self, actual, expected):\n>       assert actual == expected, \"Received response \" + str(actual) + \" status doesn't equal \" + str(expected)\nE       AssertionError: Received response 201 status doesn't equal 400\n\ntests/my_utils.py:12: AssertionError"
  },
  "description" : null,
  "severity" : "CRITICAL",
  "status" : "FAILED",
  "testId" : {
    "name" : "Negative: Register test email/password check",
    "url" : "Negative: Register test email/password check"
  },
  "suite" : {
    "uid" : "1138f8f05ffc61ae",
    "name" : "tests.register_test",
    "title" : "Register test"
  },
  "steps" : [ {
    "name" : "Send POST request.",
    "title" : "Send POST request.",
    "time" : {
      "start" : 1487579697458,
      "stop" : 1487579697780,
      "duration" : 322
    },
    "summary" : {
      "attachments" : 0,
      "steps" : 0
    },
    "status" : "PASSED",
    "attachments" : [ ],
    "steps" : [ ]
  }, {
    "name" : "Sent URL.",
    "title" : "Sent URL.",
    "time" : {
      "start" : 1487579697780,
      "stop" : 1487579697780,
      "duration" : 0
    },
    "summary" : {
      "attachments" : 1,
      "steps" : 0
    },
    "status" : "PASSED",
    "attachments" : [ {
      "title" : "Sent URL",
      "source" : "0fbe5fc8-a993-42e1-855e-52fc249b251c-attachment.txt",
      "type" : "text/plain",
      "size" : 30,
      "uid" : "108933c19bd0863b"
    } ],
    "steps" : [ ]
  }, {
    "name" : "Received response.",
    "title" : "Received response.",
    "time" : {
      "start" : 1487579697780,
      "stop" : 1487579697780,
      "duration" : 0
    },
    "summary" : {
      "attachments" : 1,
      "steps" : 0
    },
    "status" : "PASSED",
    "attachments" : [ {
      "title" : "Received response",
      "source" : "3355cc30-cacc-4e23-91d2-fc6d9811d181-attachment.json",
      "type" : "application/json",
      "size" : 28,
      "uid" : "b075e6587edb09cc"
    } ],
    "steps" : [ ]
  }, {
    "name" : "Check response status.",
    "title" : "Check response status.",
    "time" : {
      "start" : 1487579697780,
      "stop" : 1487579697780,
      "duration" : 0
    },
    "summary" : {
      "attachments" : 0,
      "steps" : 0
    },
    "status" : "FAILED",
    "attachments" : [ ],
    "steps" : [ ]
  } ],
  "attachments" : [ ],
  "issues" : [ ],
  "labels" : [ {
    "name" : "suite-name",
    "value" : "tests.register_test"
  }, {
    "name" : "severity",
    "value" : "critical"
  }, {
    "name" : "host",
    "value" : "bbohomolov"
  }, {
    "name" : "feature",
    "value" : "Register"
  }, {
    "name" : "suite-title",
    "value" : null
  }, {
    "name" : "thread",
    "value" : "11272-MainThread"
  }, {
    "name" : "testId",
    "value" : "Negative: Register test email/password check"
  } ],
  "parameters" : [ ]
}