{
  "uid" : "d06c2c27878d1d12",
  "name" : "TestClass.test_login_negative[short email]",
  "title" : "Test login negative [short email]",
  "time" : {
    "start" : 1487555609542,
    "stop" : 1487555609876,
    "duration" : 334
  },
  "summary" : {
    "attachments" : 1,
    "steps" : 3
  },
  "failure" : {
    "message" : "AssertionError: Received response 200 status doesn't equal 400",
    "stackTrace" : "self = <tests.login_test.TestClass instance at 0x7f6527ac4a28>\nparam_test = ('1', 'cityslicka')\n\n    @allure.feature(\"Login\")\n    @allure.testcase(\"Negative: Login test email/password check\")\n    @allure.severity(pytest.allure.severity_level.CRITICAL)\n    def test_login_negative(self, param_test):\n        (email, password) = param_test\n        r = u.send_post_request(self.login_request, {'email': email, 'password': password})\n        u.attach_response(r.text)\n>       u.check_response_status(r.status_code, requests.codes.bad)\n\ntests/login_test.py:63: \n_ _ _ _ _ _ _ _ _ _ _ _ _ _ _ _ _ _ _ _ _ _ _ _ _ _ _ _ _ _ _ _ _ _ _ _ _ _ _ _ \n/usr/local/lib/python2.7/dist-packages/allure/common.py:57: in impl\n    return func(*a, **kw)\n_ _ _ _ _ _ _ _ _ _ _ _ _ _ _ _ _ _ _ _ _ _ _ _ _ _ _ _ _ _ _ _ _ _ _ _ _ _ _ _ \n\nself = <tests.my_utils.MyUtils instance at 0x7f652845e710>, actual = 200\nexpected = 400\n\n    @allure.step(\"Check response status.\")\n    def check_response_status(self, actual, expected):\n>       assert actual == expected, \"Received response \" + str(actual) + \" status doesn't equal \" + str(expected)\nE       AssertionError: Received response 200 status doesn't equal 400\n\ntests/my_utils.py:12: AssertionError"
  },
  "description" : null,
  "severity" : "CRITICAL",
  "status" : "FAILED",
  "testId" : {
    "name" : "Negative: Login test email/password check",
    "url" : "Negative: Login test email/password check"
  },
  "suite" : {
    "uid" : "5782ed1c416ea8c",
    "name" : "tests.login_test",
    "title" : "Login test"
  },
  "steps" : [ {
    "name" : "Send POST request.",
    "title" : "Send POST request.",
    "time" : {
      "start" : 1487555609544,
      "stop" : 1487555609863,
      "duration" : 319
    },
    "summary" : {
      "attachments" : 0,
      "steps" : 0
    },
    "status" : "PASSED",
    "attachments" : [ ],
    "steps" : [ ]
  }, {
    "name" : "Received response.",
    "title" : "Received response.",
    "time" : {
      "start" : 1487555609863,
      "stop" : 1487555609863,
      "duration" : 0
    },
    "summary" : {
      "attachments" : 1,
      "steps" : 0
    },
    "status" : "PASSED",
    "attachments" : [ {
      "title" : "Received response",
      "source" : "7212b798-cb5c-4c99-ac58-03a869d050e2-attachment.json",
      "type" : "application/json",
      "size" : 28,
      "uid" : "104dc72e20d85115"
    } ],
    "steps" : [ ]
  }, {
    "name" : "Check response status.",
    "title" : "Check response status.",
    "time" : {
      "start" : 1487555609863,
      "stop" : 1487555609863,
      "duration" : 0
    },
    "summary" : {
      "attachments" : 0,
      "steps" : 0
    },
    "status" : "FAILED",
    "attachments" : [ ],
    "steps" : [ ]
  } ],
  "attachments" : [ ],
  "issues" : [ ],
  "labels" : [ {
    "name" : "thread",
    "value" : "9770-MainThread"
  }, {
    "name" : "severity",
    "value" : "critical"
  }, {
    "name" : "host",
    "value" : "bbohomolov"
  }, {
    "name" : "suite-title",
    "value" : null
  }, {
    "name" : "suite-name",
    "value" : "tests.login_test"
  }, {
    "name" : "feature",
    "value" : "Login"
  }, {
    "name" : "testId",
    "value" : "Negative: Login test email/password check"
  } ],
  "parameters" : [ ]
}