{
  "uid" : "e190485818f2ebf4",
  "name" : "TestClass.test_login_negative[short pass]",
  "title" : "Test login negative [short pass]",
  "time" : {
    "start" : 1487553878669,
    "stop" : 1487553879028,
    "duration" : 359
  },
  "summary" : {
    "attachments" : 1,
    "steps" : 3
  },
  "failure" : {
    "message" : "AssertionError: Received response 200 status doesn't equal 400",
    "stackTrace" : "self = <tests.login_test.TestClass instance at 0x7f00e1c0e560>\nparam_test = ('peter@klaven', '1')\n\n    @allure.feature(\"Login\")\n    @allure.testcase(\"Negative: Login test email/password check\")\n    @allure.severity(pytest.allure.severity_level.CRITICAL)\n    def test_login_negative(self, param_test):\n        (email, password) = param_test\n        r = u.send_post_request(self.login_request, {'email': email, 'password': password})\n        u.attach_response(r.text)\n>       u.check_response_status(r.status_code, requests.codes.bad)\n\ntests/login_test.py:63: \n_ _ _ _ _ _ _ _ _ _ _ _ _ _ _ _ _ _ _ _ _ _ _ _ _ _ _ _ _ _ _ _ _ _ _ _ _ _ _ _ \n/usr/local/lib/python2.7/dist-packages/allure/common.py:57: in impl\n    return func(*a, **kw)\n_ _ _ _ _ _ _ _ _ _ _ _ _ _ _ _ _ _ _ _ _ _ _ _ _ _ _ _ _ _ _ _ _ _ _ _ _ _ _ _ \n\nself = <tests.my_utils.MyUtils instance at 0x7f00e2521680>, actual = 200\nexpected = 400\n\n    @allure.step(\"Check response status.\")\n    def check_response_status(self, actual, expected):\n>       assert actual == expected, \"Received response \" + str(actual) + \" status doesn't equal \" + str(expected)\nE       AssertionError: Received response 200 status doesn't equal 400\n\ntests/my_utils.py:12: AssertionError"
  },
  "description" : null,
  "severity" : "CRITICAL",
  "status" : "FAILED",
  "testId" : {
    "name" : "Negative: Login test email/password check",
    "url" : "Negative: Login test email/password check"
  },
  "suite" : {
    "uid" : "80b589fef1a9d07f",
    "name" : "tests.login_test",
    "title" : "Login test"
  },
  "steps" : [ {
    "name" : "Send POST request.",
    "title" : "Send POST request.",
    "time" : {
      "start" : 1487553878672,
      "stop" : 1487553879003,
      "duration" : 331
    },
    "summary" : {
      "attachments" : 0,
      "steps" : 0
    },
    "status" : "PASSED",
    "attachments" : [ ],
    "steps" : [ ]
  }, {
    "name" : "Received response.",
    "title" : "Received response.",
    "time" : {
      "start" : 1487553879003,
      "stop" : 1487553879003,
      "duration" : 0
    },
    "summary" : {
      "attachments" : 1,
      "steps" : 0
    },
    "status" : "PASSED",
    "attachments" : [ {
      "title" : "Received response",
      "source" : "8ee1a122-bfa9-4da8-8554-4ee89f876eba-attachment.json",
      "type" : "application/json",
      "size" : 28,
      "uid" : "93a20b67b35db0bb"
    } ],
    "steps" : [ ]
  }, {
    "name" : "Check response status.",
    "title" : "Check response status.",
    "time" : {
      "start" : 1487553879003,
      "stop" : 1487553879003,
      "duration" : 0
    },
    "summary" : {
      "attachments" : 0,
      "steps" : 0
    },
    "status" : "FAILED",
    "attachments" : [ ],
    "steps" : [ ]
  } ],
  "attachments" : [ ],
  "issues" : [ ],
  "labels" : [ {
    "name" : "severity",
    "value" : "critical"
  }, {
    "name" : "host",
    "value" : "bbohomolov"
  }, {
    "name" : "suite-title",
    "value" : null
  }, {
    "name" : "suite-name",
    "value" : "tests.login_test"
  }, {
    "name" : "feature",
    "value" : "Login"
  }, {
    "name" : "thread",
    "value" : "8994-MainThread"
  }, {
    "name" : "testId",
    "value" : "Negative: Login test email/password check"
  } ],
  "parameters" : [ ]
}