{
  "uid" : "eb816766af400b76",
  "name" : "TestClass.test_login_negative_nopasswd",
  "title" : "Test login negative nopasswd",
  "time" : {
    "start" : 1487546125092,
    "stop" : 1487546125626,
    "duration" : 534
  },
  "summary" : {
    "attachments" : 1,
    "steps" : 3
  },
  "failure" : {
    "message" : "TypeError: cannot concatenate 'str' and 'int' objects",
    "stackTrace" : "self = <reqres_test.TestClass instance at 0x7f8e8f13a830>\n\n    @allure.feature(\"Login\")\n    @allure.testcase(\"Negative: Login test no password\")\n    @allure.severity(pytest.allure.severity_level.CRITICAL)\n    def test_login_negative_nopasswd(self):\n        r = self.send_get_request(self.login_request, {'email': self.email})\n        print(r.text)\n        self.attach_response(r.text)\n>       self.check_response_status(r.status_code, requests.codes.bad)\n\ntests/reqres_test.py:50: \n_ _ _ _ _ _ _ _ _ _ _ _ _ _ _ _ _ _ _ _ _ _ _ _ _ _ _ _ _ _ _ _ _ _ _ _ _ _ _ _ \n/usr/local/lib/python2.7/dist-packages/allure/common.py:57: in impl\n    return func(*a, **kw)\n_ _ _ _ _ _ _ _ _ _ _ _ _ _ _ _ _ _ _ _ _ _ _ _ _ _ _ _ _ _ _ _ _ _ _ _ _ _ _ _ \n\nself = <reqres_test.TestClass instance at 0x7f8e8f13a830>, actual = 200\nexpected = 400\n\n    @allure.step(\"Check response status.\")\n    def check_response_status(self, actual, expected):\n>       assert actual == expected, \"Received response status \"+actual+\" doesn't equal \"+expected\nE       TypeError: cannot concatenate 'str' and 'int' objects\n\ntests/reqres_test.py:16: TypeError"
  },
  "description" : null,
  "severity" : "CRITICAL",
  "status" : "FAILED",
  "testId" : {
    "name" : "Negative: Login test no password",
    "url" : "Negative: Login test no password"
  },
  "suite" : {
    "uid" : "f34ab3b648242f6c",
    "name" : "reqres_test",
    "title" : "Reqres test"
  },
  "steps" : [ {
    "name" : "Send GET request.",
    "title" : "Send GET request.",
    "time" : {
      "start" : 1487546125094,
      "stop" : 1487546125606,
      "duration" : 512
    },
    "summary" : {
      "attachments" : 0,
      "steps" : 0
    },
    "status" : "PASSED",
    "attachments" : [ ],
    "steps" : [ ]
  }, {
    "name" : "Received response.",
    "title" : "Received response.",
    "time" : {
      "start" : 1487546125606,
      "stop" : 1487546125607,
      "duration" : 1
    },
    "summary" : {
      "attachments" : 1,
      "steps" : 0
    },
    "status" : "PASSED",
    "attachments" : [ {
      "title" : "Received response",
      "source" : "ed52f3b7-507f-4b1a-a72e-e8a457605c75-attachment.json",
      "type" : "application/json",
      "size" : 258,
      "uid" : "234d77b267bf9219"
    } ],
    "steps" : [ ]
  }, {
    "name" : "Check response status.",
    "title" : "Check response status.",
    "time" : {
      "start" : 1487546125607,
      "stop" : 1487546125607,
      "duration" : 0
    },
    "summary" : {
      "attachments" : 0,
      "steps" : 0
    },
    "status" : "FAILED",
    "attachments" : [ ],
    "steps" : [ ]
  } ],
  "attachments" : [ ],
  "issues" : [ ],
  "labels" : [ {
    "name" : "thread",
    "value" : "6784-MainThread"
  }, {
    "name" : "suite-name",
    "value" : "reqres_test"
  }, {
    "name" : "severity",
    "value" : "critical"
  }, {
    "name" : "testId",
    "value" : "Negative: Login test no password"
  }, {
    "name" : "host",
    "value" : "bbohomolov"
  }, {
    "name" : "suite-title",
    "value" : null
  }, {
    "name" : "feature",
    "value" : "Login"
  } ],
  "parameters" : [ ]
}